<?xml version="1.0" encoding="UTF-8"?>
<!-- Generated by org.testng.reporters.JUnitReportReporter -->
<testsuite hostname="Manisha-DESKTOP-ME32ODQ" failures="0" tests="3" name="testNGExecution.Parameterization" time="30.279" errors="0" timestamp="14 Mar 2024 14:33:49 GMT" skipped="0">
  <testcase classname="testNGExecution.Parameterization" name="validLogin" time="8.383"/>
  <testcase classname="testNGExecution.Parameterization" name="validLogin" time="9.606"/>
  <testcase classname="testNGExecution.Parameterization" name="validLogin" time="12.290"/>
</testsuite> <!-- testNGExecution.Parameterization -->
