<?xml version="1.0" encoding="UTF-8"?>
<!-- Generated by org.testng.reporters.JUnitReportReporter -->
<testsuite hostname="Manisha-DESKTOP-ME32ODQ" failures="0" tests="1" name="learningTestNG.Annotations" time="0.009" errors="0" timestamp="13 Mar 2024 14:02:19 GMT" skipped="0">
  <testcase classname="learningTestNG.Annotations" name="test2" time="0.009"/>
</testsuite> <!-- learningTestNG.Annotations -->
