<?xml version="1.0" encoding="UTF-8"?>
<!-- Generated by org.testng.reporters.JUnitReportReporter -->
<testsuite hostname="Manisha-DESKTOP-ME32ODQ" failures="0" tests="1" name="testNGExecution.Demo" time="10.730" errors="0" timestamp="15 Mar 2024 13:29:24 GMT" skipped="0">
  <testcase classname="testNGExecution.Demo" name="demo" time="10.730"/>
</testsuite> <!-- testNGExecution.Demo -->
