<?xml version="1.0" encoding="UTF-8"?>
<!-- Generated by org.testng.reporters.JUnitReportReporter -->
<testsuite hostname="Manisha-DESKTOP-ME32ODQ" failures="0" tests="1" name="testNGListners.TestNGAssertions" time="6.129" errors="0" timestamp="16 Mar 2024 14:23:58 GMT" skipped="0">
  <testcase classname="testNGListners.TestNGAssertions" name="validLigin" time="6.129"/>
</testsuite> <!-- testNGListners.TestNGAssertions -->
