<?xml version="1.0" encoding="UTF-8"?>
<!-- Generated by org.testng.reporters.JUnitReportReporter -->
<testsuite hostname="Manisha-DESKTOP-ME32ODQ" failures="0" tests="1" name="testNGExecution.Remo" time="20.727" errors="0" timestamp="13 Mar 2024 14:39:27 GMT" skipped="0">
  <testcase classname="testNGExecution.Remo" name="remo" time="20.727"/>
</testsuite> <!-- testNGExecution.Remo -->
