<?xml version="1.0" encoding="UTF-8"?>
<!-- Generated by org.testng.reporters.JUnitReportReporter -->
<testsuite hostname="Manisha-DESKTOP-ME32ODQ" failures="0" tests="3" name="learningTestNG.FirstTestNGClass" time="0.048" errors="0" timestamp="11 Mar 2024 14:37:57 GMT" skipped="0">
  <testcase classname="learningTestNG.FirstTestNGClass" name="login" time="0.039"/>
  <testcase classname="learningTestNG.FirstTestNGClass" name="addToCart" time="0.004"/>
  <testcase classname="learningTestNG.FirstTestNGClass" name="logout" time="0.005"/>
</testsuite> <!-- learningTestNG.FirstTestNGClass -->
