<?xml version="1.0" encoding="UTF-8"?>
<!-- Generated by org.testng.reporters.JUnitReportReporter -->
<testsuite hostname="Manisha-DESKTOP-ME32ODQ" failures="0" tests="1" name="testNGListners.TestNGSoftAssertion_Actitime" time="6.593" errors="0" timestamp="18 Mar 2024 13:56:46 GMT" skipped="0">
  <testcase classname="testNGListners.TestNGSoftAssertion_Actitime" name="loginMethod" time="6.593"/>
</testsuite> <!-- testNGListners.TestNGSoftAssertion_Actitime -->
