<?xml version="1.0" encoding="UTF-8"?>
<!-- Generated by org.testng.reporters.JUnitReportReporter -->
<testsuite hostname="Manisha-DESKTOP-ME32ODQ" failures="0" tests="3" name="learningTestNG.EnabledFlag" time="0.024" errors="0" timestamp="12 Mar 2024 13:57:15 GMT" skipped="1">
  <testcase classname="learningTestNG.EnabledFlag" name="login" time="0.022"/>
  <testcase classname="learningTestNG.EnabledFlag" name="logout" time="0.002"/>
  <testcase classname="learningTestNG.EnabledFlag" name="addToCart">
    <skipped/>
  </testcase> <!-- addToCart -->
</testsuite> <!-- learningTestNG.EnabledFlag -->
