<?xml version="1.0" encoding="UTF-8"?>
<!-- Generated by org.testng.reporters.JUnitReportReporter -->
<testsuite hostname="Manisha-DESKTOP-ME32ODQ" failures="0" tests="1" name="testNGExecution.Remo" time="17.366" errors="0" timestamp="15 Mar 2024 13:29:24 GMT" skipped="0">
  <testcase classname="testNGExecution.Remo" name="remo" time="17.366"/>
</testsuite> <!-- testNGExecution.Remo -->
