<?xml version="1.0" encoding="UTF-8"?>
<!-- Generated by org.testng.reporters.JUnitReportReporter -->
<testsuite hostname="Manisha-DESKTOP-ME32ODQ" failures="0" tests="1" name="testNGExecution.Sumo" time="10.701" errors="0" timestamp="14 Mar 2024 13:43:01 GMT" skipped="0">
  <testcase classname="testNGExecution.Sumo" name="sumo" time="10.701"/>
</testsuite> <!-- testNGExecution.Sumo -->
