<?xml version="1.0" encoding="UTF-8"?>
<!-- Generated by org.testng.reporters.JUnitReportReporter -->
<testsuite hostname="Manisha-DESKTOP-ME32ODQ" failures="0" tests="1" name="testPackage.ValidLoginTestCase" time="8.531" errors="0" timestamp="22 Mar 2024 04:10:18 GMT" skipped="0">
  <testcase classname="testPackage.ValidLoginTestCase" name="loginTestCase" time="8.531"/>
</testsuite> <!-- testPackage.ValidLoginTestCase -->
