<?xml version="1.0" encoding="UTF-8"?>
<!-- Generated by org.testng.reporters.JUnitReportReporter -->
<testsuite hostname="Manisha-DESKTOP-ME32ODQ" failures="0" tests="1" name="testPackage.CreateNewCustomerAndProject" time="23.402" errors="0" timestamp="22 Mar 2024 04:10:18 GMT" skipped="0">
  <testcase classname="testPackage.CreateNewCustomerAndProject" name="createNewCustomerAndProjectTestCase" time="23.402"/>
</testsuite> <!-- testPackage.CreateNewCustomerAndProject -->
